TN:
SF:src\config\redis.ts
FN:10,(anonymous_0)
FN:23,(anonymous_1)
FN:27,(anonymous_2)
FN:31,(anonymous_3)
FN:35,(anonymous_4)
FN:39,(anonymous_5)
FN:46,(anonymous_6)
FN:62,(anonymous_7)
FN:76,(anonymous_8)
FN:83,(anonymous_9)
FNF:10
FNH:0
FNDA:0,(anonymous_0)
FNDA:0,(anonymous_1)
FNDA:0,(anonymous_2)
FNDA:0,(anonymous_3)
FNDA:0,(anonymous_4)
FNDA:0,(anonymous_5)
FNDA:0,(anonymous_6)
FNDA:0,(anonymous_7)
FNDA:0,(anonymous_8)
FNDA:0,(anonymous_9)
DA:1,0
DA:4,0
DA:7,0
DA:12,0
DA:13,0
DA:14,0
DA:23,0
DA:24,0
DA:27,0
DA:28,0
DA:31,0
DA:32,0
DA:35,0
DA:36,0
DA:39,0
DA:40,0
DA:46,0
DA:47,0
DA:48,0
DA:49,0
DA:50,0
DA:53,0
DA:62,0
DA:63,0
DA:64,0
DA:65,0
DA:66,0
DA:69,0
DA:76,0
DA:77,0
DA:83,0
DA:86,0
DA:87,0
DA:88,0
DA:90,0
DA:92,0
DA:93,0
DA:98,0
LF:38
LH:0
BRDA:4,0,0,0
BRDA:4,0,1,0
BRDA:48,1,0,0
BRDA:64,2,0,0
BRDA:87,3,0,0
BRF:5
BRH:0
end_of_record
TN:
SF:src\controllers\credit.controller.ts
FN:16,(anonymous_10)
FN:66,(anonymous_11)
FN:119,(anonymous_12)
FN:171,(anonymous_13)
FN:224,(anonymous_14)
FNF:5
FNH:4
FNDA:2,(anonymous_10)
FNDA:2,(anonymous_11)
FNDA:2,(anonymous_12)
FNDA:2,(anonymous_13)
FNDA:0,(anonymous_14)
DA:2,1
DA:3,1
DA:5,1
DA:16,1
DA:21,2
DA:23,2
DA:24,2
DA:25,0
DA:29,2
DA:30,2
DA:31,2
DA:32,1
DA:33,1
DA:38,1
DA:42,1
DA:45,1
DA:47,1
DA:53,0
DA:66,1
DA:71,2
DA:73,2
DA:74,2
DA:75,0
DA:79,2
DA:80,2
DA:83,2
DA:84,0
DA:86,2
DA:87,0
DA:91,2
DA:93,2
DA:106,0
DA:119,1
DA:124,2
DA:126,2
DA:127,2
DA:128,0
DA:132,2
DA:133,2
DA:134,1
DA:138,1
DA:139,0
DA:143,1
DA:146,1
DA:147,1
DA:149,1
DA:158,0
DA:171,1
DA:176,2
DA:178,2
DA:179,2
DA:180,0
DA:184,2
DA:185,2
DA:186,1
DA:188,1
DA:189,0
DA:191,1
DA:192,0
DA:196,1
DA:199,1
DA:200,1
DA:202,1
DA:211,0
DA:224,1
DA:229,0
DA:231,0
DA:232,0
DA:233,0
DA:237,0
DA:242,0
DA:251,0
LF:72
LH:52
BRDA:24,0,0,0
BRDA:31,1,0,1
BRDA:74,2,0,0
BRDA:79,3,0,2
BRDA:79,3,1,1
BRDA:80,4,0,2
BRDA:80,4,1,1
BRDA:83,5,0,0
BRDA:86,6,0,0
BRDA:86,7,0,2
BRDA:86,7,1,2
BRDA:127,8,0,0
BRDA:133,9,0,1
BRDA:138,10,0,0
BRDA:138,11,0,1
BRDA:138,11,1,1
BRDA:179,12,0,0
BRDA:185,13,0,1
BRDA:185,14,0,2
BRDA:185,14,1,1
BRDA:188,15,0,0
BRDA:191,16,0,0
BRDA:191,17,0,1
BRDA:191,17,1,1
BRDA:191,17,2,1
BRDA:232,18,0,0
BRF:26
BRH:16
end_of_record
TN:
SF:src\controllers\role.controller.ts
FN:18,(anonymous_0)
FN:86,(anonymous_1)
FN:139,(anonymous_2)
FN:188,(anonymous_3)
FN:231,(anonymous_4)
FN:274,(anonymous_5)
FN:339,(anonymous_6)
FNF:7
FNH:0
FNDA:0,(anonymous_0)
FNDA:0,(anonymous_1)
FNDA:0,(anonymous_2)
FNDA:0,(anonymous_3)
FNDA:0,(anonymous_4)
FNDA:0,(anonymous_5)
FNDA:0,(anonymous_6)
DA:3,0
DA:18,0
DA:19,0
DA:20,0
DA:21,0
DA:24,0
DA:25,0
DA:29,0
DA:33,0
DA:34,0
DA:38,0
DA:41,0
DA:43,0
DA:48,0
DA:50,0
DA:51,0
DA:52,0
DA:56,0
DA:58,0
DA:59,0
DA:63,0
DA:65,0
DA:66,0
DA:70,0
DA:74,0
DA:86,0
DA:87,0
DA:88,0
DA:91,0
DA:92,0
DA:96,0
DA:100,0
DA:101,0
DA:105,0
DA:108,0
DA:110,0
DA:115,0
DA:117,0
DA:118,0
DA:119,0
DA:123,0
DA:127,0
DA:139,0
DA:140,0
DA:141,0
DA:142,0
DA:144,0
DA:145,0
DA:149,0
DA:154,0
DA:155,0
DA:157,0
DA:158,0
DA:162,0
DA:165,0
DA:167,0
DA:175,0
DA:176,0
DA:188,0
DA:189,0
DA:190,0
DA:192,0
DA:193,0
DA:197,0
DA:201,0
DA:202,0
DA:206,0
DA:209,0
DA:211,0
DA:218,0
DA:219,0
DA:231,0
DA:232,0
DA:233,0
DA:235,0
DA:236,0
DA:240,0
DA:244,0
DA:245,0
DA:249,0
DA:252,0
DA:254,0
DA:261,0
DA:262,0
DA:274,0
DA:275,0
DA:276,0
DA:277,0
DA:279,0
DA:280,0
DA:284,0
DA:288,0
DA:289,0
DA:293,0
DA:297,0
DA:298,0
DA:302,0
DA:305,0
DA:307,0
DA:315,0
DA:317,0
DA:318,0
DA:319,0
DA:323,0
DA:327,0
DA:339,0
DA:340,0
DA:341,0
DA:344,0
DA:345,0
DA:349,0
DA:352,0
DA:354,0
DA:358,0
DA:359,0
LF:115
LH:0
BRDA:24,0,0,0
BRDA:24,1,0,0
BRDA:24,1,1,0
BRDA:33,2,0,0
BRDA:33,3,0,0
BRDA:33,3,1,0
BRDA:50,4,0,0
BRDA:51,5,0,0
BRDA:58,6,0,0
BRDA:65,7,0,0
BRDA:91,8,0,0
BRDA:91,9,0,0
BRDA:91,9,1,0
BRDA:100,10,0,0
BRDA:100,11,0,0
BRDA:100,11,1,0
BRDA:117,12,0,0
BRDA:118,13,0,0
BRDA:144,14,0,0
BRDA:157,15,0,0
BRDA:157,16,0,0
BRDA:157,16,1,0
BRDA:192,17,0,0
BRDA:201,18,0,0
BRDA:235,19,0,0
BRDA:244,20,0,0
BRDA:279,21,0,0
BRDA:288,22,0,0
BRDA:297,23,0,0
BRDA:317,24,0,0
BRDA:318,25,0,0
BRDA:344,26,0,0
BRDA:344,27,0,0
BRDA:344,27,1,0
BRDA:344,27,2,0
BRF:35
BRH:0
end_of_record
TN:
SF:src\middlewares\auth.middleware.ts
FN:37,(anonymous_1)
FN:106,(anonymous_2)
FN:107,(anonymous_3)
FNF:3
FNH:3
FNDA:7,(anonymous_1)
FNDA:3,(anonymous_2)
FNDA:3,(anonymous_3)
DA:2,1
DA:37,1
DA:42,7
DA:44,7
DA:46,7
DA:47,2
DA:51,2
DA:54,5
DA:57,5
DA:60,5
DA:61,5
DA:63,4
DA:64,1
DA:68,1
DA:69,3
DA:70,1
DA:74,1
DA:76,2
DA:80,2
DA:85,1
DA:92,1
DA:94,0
DA:95,0
DA:106,1
DA:107,3
DA:108,3
DA:109,1
DA:113,1
DA:116,2
DA:117,1
DA:121,1
DA:124,1
LF:32
LH:30
BRDA:46,0,0,2
BRDA:46,1,0,7
BRDA:46,1,1,6
BRDA:57,2,0,5
BRDA:57,2,1,5
BRDA:63,3,0,1
BRDA:63,3,1,3
BRDA:69,4,0,1
BRDA:69,4,1,2
BRDA:108,5,0,1
BRDA:116,6,0,1
BRF:11
BRH:11
end_of_record
TN:
SF:src\middlewares\errorHandler.middleware.ts
FN:11,(anonymous_0)
FN:23,(anonymous_1)
FN:67,(anonymous_2)
FN:68,(anonymous_3)
FNF:4
FNH:1
FNDA:2,(anonymous_0)
FNDA:0,(anonymous_1)
FNDA:0,(anonymous_2)
FNDA:0,(anonymous_3)
DA:12,2
DA:13,2
DA:14,2
DA:16,2
DA:23,1
DA:29,0
DA:30,0
DA:33,0
DA:34,0
DA:35,0
DA:36,0
DA:37,0
DA:38,0
DA:39,0
DA:40,0
DA:41,0
DA:42,0
DA:43,0
DA:44,0
DA:45,0
DA:46,0
DA:47,0
DA:51,0
DA:54,0
DA:67,1
DA:68,0
DA:69,0
DA:73,1
LF:28
LH:7
BRDA:33,0,0,0
BRDA:33,0,1,0
BRDA:36,1,0,0
BRDA:36,1,1,0
BRDA:39,2,0,0
BRDA:39,2,1,0
BRDA:42,3,0,0
BRDA:42,3,1,0
BRDA:45,4,0,0
BRDA:59,5,0,0
BRDA:59,5,1,0
BRF:11
BRH:0
end_of_record
TN:
SF:src\middlewares\rbac.middleware.ts
FN:7,(anonymous_0)
FN:8,(anonymous_1)
FN:34,(anonymous_2)
FN:35,(anonymous_3)
FN:59,(anonymous_4)
FN:60,(anonymous_5)
FNF:6
FNH:6
FNDA:4,(anonymous_0)
FNDA:4,(anonymous_1)
FNDA:4,(anonymous_2)
FNDA:4,(anonymous_3)
FNDA:7,(anonymous_4)
FNDA:7,(anonymous_5)
DA:7,1
DA:8,4
DA:9,4
DA:10,1
DA:14,1
DA:19,3
DA:20,2
DA:21,2
DA:24,1
DA:34,1
DA:35,4
DA:36,4
DA:37,1
DA:41,1
DA:44,3
DA:45,1
DA:49,1
DA:52,2
DA:59,1
DA:60,7
DA:61,7
DA:62,1
DA:66,1
DA:70,6
DA:71,6
DA:72,3
DA:73,3
DA:77,3
DA:78,2
DA:82,2
DA:85,1
LF:31
LH:31
BRDA:9,0,0,1
BRDA:19,1,0,2
BRDA:19,2,0,3
BRDA:19,2,1,2
BRDA:36,3,0,1
BRDA:44,4,0,1
BRDA:61,5,0,1
BRDA:70,6,0,6
BRDA:70,6,1,2
BRDA:71,7,0,3
BRDA:77,8,0,2
BRF:11
BRH:11
end_of_record
TN:
SF:src\routes\credit.routes.ts
FNF:0
FNH:0
DA:1,0
DA:2,0
DA:3,0
DA:4,0
DA:6,0
DA:13,0
DA:20,0
DA:27,0
DA:34,0
DA:41,0
DA:43,0
LF:11
LH:0
BRF:0
BRH:0
end_of_record
TN:
SF:src\routes\role.routes.ts
FNF:0
FNH:0
DA:1,0
DA:2,0
DA:3,0
DA:4,0
DA:14,0
DA:21,0
DA:33,0
DA:45,0
DA:57,0
DA:69,0
DA:81,0
DA:93,0
DA:98,0
LF:13
LH:0
BRF:0
BRH:0
end_of_record
TN:
SF:src\routes\user.routes.ts
FN:6,(anonymous_0)
FN:10,(anonymous_1)
FN:35,(anonymous_2)
FN:44,(anonymous_3)
FNF:4
FNH:0
FNDA:0,(anonymous_0)
FNDA:0,(anonymous_1)
FNDA:0,(anonymous_2)
FNDA:0,(anonymous_3)
DA:1,0
DA:2,0
DA:3,0
DA:6,0
DA:7,0
DA:10,0
DA:11,0
DA:14,0
DA:21,0
DA:28,0
DA:35,0
DA:36,0
DA:44,0
DA:45,0
DA:48,0
LF:15
LH:0
BRF:0
BRH:0
end_of_record
TN:
SF:src\services\credit.service.ts
FN:8,(anonymous_0)
FN:23,(anonymous_1)
FN:63,(anonymous_2)
FN:86,(anonymous_3)
FN:120,(anonymous_4)
FN:160,(anonymous_5)
FN:223,(anonymous_6)
FN:234,(anonymous_7)
FN:285,(anonymous_8)
FNF:9
FNH:0
FNDA:0,(anonymous_0)
FNDA:0,(anonymous_1)
FNDA:0,(anonymous_2)
FNDA:0,(anonymous_3)
FNDA:0,(anonymous_4)
FNDA:0,(anonymous_5)
FNDA:0,(anonymous_6)
FNDA:0,(anonymous_7)
FNDA:0,(anonymous_8)
DA:1,0
DA:2,0
DA:9,0
DA:10,0
DA:11,0
DA:15,0
DA:18,0
DA:23,0
DA:24,0
DA:25,0
DA:27,0
DA:32,0
DA:63,0
DA:64,0
DA:66,0
DA:71,0
DA:72,0
DA:76,0
DA:78,0
DA:79,0
DA:86,0
DA:91,0
DA:92,0
DA:95,0
DA:100,0
DA:107,0
DA:112,0
DA:113,0
DA:120,0
DA:121,0
DA:123,0
DA:128,0
DA:129,0
DA:132,0
DA:133,0
DA:136,0
DA:137,0
DA:141,0
DA:150,0
DA:151,0
DA:155,0
DA:156,0
DA:160,0
DA:162,0
DA:166,0
DA:167,0
DA:176,0
DA:186,0
DA:197,0
DA:205,0
DA:210,0
DA:213,0
DA:215,0
DA:216,0
DA:223,0
DA:228,0
DA:229,0
DA:230,0
DA:234,0
DA:236,0
DA:240,0
DA:241,0
DA:251,0
DA:262,0
DA:272,0
DA:275,0
DA:277,0
DA:278,0
DA:285,0
DA:286,0
DA:287,0
DA:289,0
LF:72
LH:0
BRDA:19,0,0,0
BRDA:19,0,1,0
BRDA:71,1,0,0
BRDA:128,2,0,0
BRDA:132,3,0,0
BRDA:136,4,0,0
BRDA:136,5,0,0
BRDA:136,5,1,0
BRDA:150,6,0,0
BRDA:155,7,0,0
BRDA:155,8,0,0
BRDA:155,8,1,0
BRDA:166,9,0,0
BRDA:166,9,1,0
BRDA:229,10,0,0
BRDA:229,11,0,0
BRDA:229,11,1,0
BRDA:240,12,0,0
BRDA:240,12,1,0
BRDA:245,13,0,0
BRDA:245,13,1,0
BRDA:246,14,0,0
BRDA:246,14,1,0
BRDA:255,15,0,0
BRDA:255,15,1,0
BRDA:256,16,0,0
BRDA:256,16,1,0
BRF:27
BRH:0
end_of_record
TN:
SF:src\services\permission.service.ts
FN:12,(anonymous_0)
FN:44,(anonymous_1)
FN:109,(anonymous_2)
FN:118,(anonymous_3)
FN:128,(anonymous_4)
FN:154,(anonymous_5)
FN:155,(anonymous_6)
FN:168,(anonymous_7)
FN:221,(anonymous_8)
FN:258,(anonymous_9)
FN:280,(anonymous_10)
FN:293,(anonymous_11)
FN:315,(anonymous_12)
FN:333,(anonymous_13)
FN:349,(anonymous_14)
FNF:15
FNH:0
FNDA:0,(anonymous_0)
FNDA:0,(anonymous_1)
FNDA:0,(anonymous_2)
FNDA:0,(anonymous_3)
FNDA:0,(anonymous_4)
FNDA:0,(anonymous_5)
FNDA:0,(anonymous_6)
FNDA:0,(anonymous_7)
FNDA:0,(anonymous_8)
FNDA:0,(anonymous_9)
FNDA:0,(anonymous_10)
FNDA:0,(anonymous_11)
FNDA:0,(anonymous_12)
FNDA:0,(anonymous_13)
FNDA:0,(anonymous_14)
DA:1,0
DA:2,0
DA:4,0
DA:7,0
DA:12,0
DA:13,0
DA:14,0
DA:16,0
DA:21,0
DA:44,0
DA:45,0
DA:46,0
DA:47,0
DA:50,0
DA:51,0
DA:52,0
DA:53,0
DA:56,0
DA:61,0
DA:77,0
DA:78,0
DA:79,0
DA:80,0
DA:81,0
DA:82,0
DA:83,0
DA:84,0
DA:87,0
DA:91,0
DA:92,0
DA:94,0
DA:98,0
DA:100,0
DA:102,0
DA:109,0
DA:110,0
DA:111,0
DA:118,0
DA:120,0
DA:121,0
DA:128,0
DA:129,0
DA:130,0
DA:145,0
DA:146,0
DA:147,0
DA:148,0
DA:149,0
DA:154,0
DA:155,0
DA:158,0
DA:160,0
DA:161,0
DA:168,0
DA:169,0
DA:171,0
DA:175,0
DA:176,0
DA:180,0
DA:184,0
DA:185,0
DA:189,0
DA:198,0
DA:199,0
DA:203,0
DA:211,0
DA:213,0
DA:214,0
DA:221,0
DA:222,0
DA:224,0
DA:233,0
DA:234,0
DA:238,0
DA:248,0
DA:250,0
DA:251,0
DA:258,0
DA:259,0
DA:260,0
DA:270,0
DA:272,0
DA:273,0
DA:280,0
DA:281,0
DA:282,0
DA:283,0
DA:285,0
DA:286,0
DA:293,0
DA:294,0
DA:296,0
DA:300,0
DA:301,0
DA:305,0
DA:313,0
DA:314,0
DA:315,0
DA:322,0
DA:324,0
DA:325,0
DA:333,0
DA:334,0
DA:335,0
DA:336,0
DA:338,0
DA:339,0
DA:342,0
DA:349,0
DA:350,0
DA:351,0
DA:353,0
LF:112
LH:0
BRDA:8,0,0,0
BRDA:8,0,1,0
BRDA:52,1,0,0
BRDA:82,2,0,0
BRDA:82,3,0,0
BRDA:82,3,1,0
BRDA:87,4,0,0
BRDA:175,5,0,0
BRDA:184,6,0,0
BRDA:198,7,0,0
BRDA:233,8,0,0
BRDA:300,9,0,0
BRDA:313,10,0,0
BRDA:313,11,0,0
BRDA:313,11,1,0
BRDA:338,12,0,0
BRF:16
BRH:0
end_of_record
TN:
SF:src\services\redis.service.ts
FN:14,(anonymous_0)
FN:15,(anonymous_1)
FN:31,(anonymous_2)
FN:32,(anonymous_3)
FN:42,(anonymous_4)
FN:43,(anonymous_5)
FN:55,(anonymous_6)
FN:56,(anonymous_7)
FN:69,(anonymous_8)
FN:70,(anonymous_9)
FN:82,(anonymous_10)
FN:83,(anonymous_11)
FN:94,(anonymous_12)
FN:95,(anonymous_13)
FN:106,(anonymous_14)
FN:107,(anonymous_15)
FN:118,(anonymous_16)
FN:119,(anonymous_17)
FN:129,(anonymous_18)
FN:130,(anonymous_19)
FN:140,(anonymous_20)
FN:141,(anonymous_21)
FN:152,(anonymous_22)
FN:153,(anonymous_23)
FN:165,(anonymous_24)
FN:166,(anonymous_25)
FN:179,(anonymous_26)
FN:180,(anonymous_27)
FN:193,(anonymous_28)
FN:194,(anonymous_29)
FN:205,(anonymous_30)
FN:206,(anonymous_31)
FNF:32
FNH:0
FNDA:0,(anonymous_0)
FNDA:0,(anonymous_1)
FNDA:0,(anonymous_2)
FNDA:0,(anonymous_3)
FNDA:0,(anonymous_4)
FNDA:0,(anonymous_5)
FNDA:0,(anonymous_6)
FNDA:0,(anonymous_7)
FNDA:0,(anonymous_8)
FNDA:0,(anonymous_9)
FNDA:0,(anonymous_10)
FNDA:0,(anonymous_11)
FNDA:0,(anonymous_12)
FNDA:0,(anonymous_13)
FNDA:0,(anonymous_14)
FNDA:0,(anonymous_15)
FNDA:0,(anonymous_16)
FNDA:0,(anonymous_17)
FNDA:0,(anonymous_18)
FNDA:0,(anonymous_19)
FNDA:0,(anonymous_20)
FNDA:0,(anonymous_21)
FNDA:0,(anonymous_22)
FNDA:0,(anonymous_23)
FNDA:0,(anonymous_24)
FNDA:0,(anonymous_25)
FNDA:0,(anonymous_26)
FNDA:0,(anonymous_27)
FNDA:0,(anonymous_28)
FNDA:0,(anonymous_29)
FNDA:0,(anonymous_30)
FNDA:0,(anonymous_31)
DA:1,0
DA:6,0
DA:15,0
DA:16,0
DA:17,0
DA:19,0
DA:21,0
DA:23,0
DA:32,0
DA:33,0
DA:43,0
DA:44,0
DA:45,0
DA:47,0
DA:56,0
DA:57,0
DA:58,0
DA:60,0
DA:70,0
DA:71,0
DA:72,0
DA:74,0
DA:83,0
DA:84,0
DA:86,0
DA:95,0
DA:96,0
DA:107,0
DA:108,0
DA:119,0
DA:120,0
DA:130,0
DA:131,0
DA:141,0
DA:142,0
DA:144,0
DA:153,0
DA:154,0
DA:156,0
DA:166,0
DA:167,0
DA:168,0
DA:170,0
DA:180,0
DA:181,0
DA:182,0
DA:184,0
DA:194,0
DA:195,0
DA:197,0
DA:206,0
DA:207,0
DA:209,0
DA:213,0
LF:54
LH:0
BRDA:16,0,0,0
BRDA:16,0,1,0
BRDA:23,1,0,0
BRDA:23,1,1,0
BRDA:47,2,0,0
BRDA:47,2,1,0
BRDA:60,3,0,0
BRDA:60,3,1,0
BRDA:74,4,0,0
BRDA:74,4,1,0
BRDA:86,5,0,0
BRDA:86,5,1,0
BRDA:144,6,0,0
BRDA:144,6,1,0
BRDA:156,7,0,0
BRDA:156,7,1,0
BRDA:170,8,0,0
BRDA:170,8,1,0
BRDA:184,9,0,0
BRDA:184,9,1,0
BRDA:197,10,0,0
BRDA:197,10,1,0
BRDA:209,11,0,0
BRDA:209,11,1,0
BRF:24
BRH:0
end_of_record
