TN:
SF:src\config\config.ts
FN:74,(anonymous_1)
FN:79,(anonymous_2)
FNF:2
FNH:0
FNDA:0,(anonymous_1)
FNDA:0,(anonymous_2)
DA:6,5
DA:9,5
DA:11,5
DA:74,5
DA:75,0
DA:79,0
DA:81,0
DA:82,0
DA:86,0
DA:87,0
DA:90,0
DA:91,0
DA:94,0
DA:95,0
LF:14
LH:4
BRDA:13,0,0,5
BRDA:13,0,1,5
BRDA:14,1,0,5
BRDA:14,1,1,0
BRDA:17,2,0,5
BRDA:17,2,1,5
BRDA:18,3,0,5
BRDA:18,3,1,5
BRDA:21,4,0,5
BRDA:21,4,1,0
BRDA:22,5,0,5
BRDA:22,5,1,5
BRDA:25,6,0,5
BRDA:25,6,1,0
BRDA:26,7,0,5
BRDA:26,7,1,5
BRDA:29,8,0,5
BRDA:29,8,1,5
BRDA:32,9,0,5
BRDA:32,9,1,5
BRDA:33,10,0,5
BRDA:33,10,1,5
BRDA:36,11,0,5
BRDA:36,11,1,0
BRDA:37,12,0,5
BRDA:37,12,1,5
BRDA:40,13,0,5
BRDA:40,13,1,5
BRDA:41,14,0,5
BRDA:41,14,1,5
BRDA:44,15,0,5
BRDA:44,15,1,0
BRDA:45,16,0,5
BRDA:45,16,1,0
BRDA:46,17,0,5
BRDA:46,17,1,5
BRDA:49,18,0,5
BRDA:49,18,1,5
BRDA:50,19,0,5
BRDA:50,19,1,5
BRDA:63,20,0,5
BRDA:63,20,1,5
BRDA:64,21,0,5
BRDA:64,21,1,5
BRDA:67,22,0,5
BRDA:67,22,1,5
BRDA:68,23,0,5
BRDA:68,23,1,5
BRDA:69,24,0,5
BRDA:69,24,1,5
BRDA:70,25,0,5
BRDA:70,25,1,5
BRDA:81,26,0,0
BRDA:86,27,0,0
BRDA:86,28,0,0
BRDA:86,28,1,0
BRDA:90,29,0,0
BRDA:94,30,0,0
BRF:58
BRH:46
end_of_record
TN:
SF:src\providers\base.provider.ts
FN:14,(anonymous_0)
FN:19,(anonymous_1)
FNF:2
FNH:2
FNDA:1,(anonymous_0)
FNDA:3,(anonymous_1)
DA:10,1
DA:16,1
DA:20,3
DA:27,3
DA:28,3
LF:5
LH:5
BRDA:27,0,0,3
BRDA:27,0,1,1
BRF:2
BRH:2
end_of_record
TN:
SF:src\providers\openai.provider.ts
FN:10,(anonymous_1)
FN:15,(anonymous_2)
FN:19,(anonymous_3)
FN:23,(anonymous_4)
FNF:4
FNH:4
FNDA:8,(anonymous_1)
FNDA:1,(anonymous_2)
FNDA:2,(anonymous_3)
FNDA:2,(anonymous_4)
DA:1,1
DA:3,1
DA:4,1
DA:6,1
DA:8,8
DA:11,8
DA:12,8
DA:16,1
DA:20,2
DA:24,2
DA:25,2
DA:36,1
DA:37,1
DA:38,1
DA:40,1
DA:41,0
DA:44,1
DA:55,1
DA:56,1
LF:19
LH:18
BRDA:40,0,0,0
BRDA:40,1,0,1
BRDA:40,1,1,1
BRF:3
BRH:2
end_of_record
TN:
SF:src\services\connection.service.ts
FN:12,(anonymous_0)
FN:19,(anonymous_1)
FN:64,(anonymous_2)
FN:99,(anonymous_3)
FN:106,(anonymous_4)
FN:126,(anonymous_5)
FN:133,(anonymous_6)
FN:144,(anonymous_7)
FN:154,(anonymous_8)
FN:164,(anonymous_9)
FN:174,(anonymous_10)
FN:184,(anonymous_11)
FN:210,(anonymous_12)
FN:249,(anonymous_13)
FN:253,(anonymous_14)
FN:258,(anonymous_15)
FN:268,(anonymous_16)
FN:276,(anonymous_17)
FN:305,(anonymous_18)
FN:321,(anonymous_19)
FNF:20
FNH:20
FNDA:24,(anonymous_0)
FNDA:23,(anonymous_1)
FNDA:6,(anonymous_2)
FNDA:6,(anonymous_3)
FNDA:3,(anonymous_4)
FNDA:1,(anonymous_5)
FNDA:4,(anonymous_6)
FNDA:2,(anonymous_7)
FNDA:2,(anonymous_8)
FNDA:1,(anonymous_9)
FNDA:1,(anonymous_10)
FNDA:1,(anonymous_11)
FNDA:1,(anonymous_12)
FNDA:23,(anonymous_13)
FNDA:1,(anonymous_14)
FNDA:1,(anonymous_15)
FNDA:1,(anonymous_16)
FNDA:6,(anonymous_17)
FNDA:1,(anonymous_18)
FNDA:2,(anonymous_19)
DA:7,1
DA:10,1
DA:12,1
DA:13,24
DA:14,24
DA:20,23
DA:21,23
DA:23,23
DA:32,23
DA:40,23
DA:43,23
DA:44,20
DA:46,23
DA:49,23
DA:56,23
DA:58,23
DA:65,6
DA:66,6
DA:67,1
DA:68,1
DA:71,5
DA:74,5
DA:77,5
DA:78,5
DA:79,5
DA:80,5
DA:81,4
DA:86,5
DA:89,5
DA:100,6
DA:107,3
DA:108,3
DA:109,1
DA:112,2
DA:113,2
DA:114,3
DA:115,3
DA:116,3
DA:120,2
DA:127,1
DA:134,4
DA:135,4
DA:136,4
DA:137,4
DA:145,2
DA:146,2
DA:147,2
DA:155,2
DA:156,2
DA:157,2
DA:165,1
DA:166,1
DA:167,1
DA:175,1
DA:176,1
DA:177,1
DA:190,1
DA:191,1
DA:193,1
DA:194,1
DA:195,1
DA:196,1
DA:199,1
DA:211,1
DA:212,1
DA:214,1
DA:215,2
DA:216,1
DA:220,1
DA:221,1
DA:222,1
DA:223,1
DA:230,1
DA:231,0
DA:234,1
DA:235,1
DA:239,1
DA:240,1
DA:243,1
DA:250,23
DA:253,23
DA:254,1
DA:258,23
DA:259,1
DA:264,1
DA:268,23
DA:269,1
DA:277,6
DA:278,6
DA:279,1
DA:280,1
DA:283,5
DA:284,1
DA:285,1
DA:288,4
DA:289,4
DA:290,3
DA:291,3
DA:292,3
DA:294,1
DA:298,1
DA:306,1
DA:307,1
DA:309,1
DA:310,2
DA:311,2
DA:315,1
DA:322,2
DA:323,2
DA:328,1
LF:110
LH:109
BRDA:43,0,0,20
BRDA:66,1,0,1
BRDA:78,2,0,5
BRDA:80,3,0,4
BRDA:108,4,0,1
BRDA:115,5,0,3
BRDA:135,6,0,4
BRDA:146,7,0,2
BRDA:156,8,0,2
BRDA:166,9,0,1
BRDA:176,10,0,1
BRDA:195,11,0,1
BRDA:195,11,1,1
BRDA:215,12,0,1
BRDA:222,13,0,1
BRDA:230,14,0,0
BRDA:239,15,0,1
BRDA:262,16,0,1
BRDA:262,16,1,0
BRDA:278,17,0,1
BRDA:283,18,0,1
BRDA:289,19,0,0
BRDA:289,19,1,4
BRDA:296,20,0,1
BRDA:296,20,1,0
BRDA:310,21,0,2
BRDA:323,22,0,1
BRDA:323,22,1,1
BRF:28
BRH:24
end_of_record
TN:
SF:src\services\credit.service.ts
FN:14,(anonymous_1)
FN:21,(anonymous_2)
FN:59,(anonymous_3)
FN:98,(anonymous_4)
FN:146,(anonymous_5)
FN:173,(anonymous_6)
FN:189,(anonymous_7)
FN:214,(anonymous_8)
FN:223,(anonymous_9)
FN:274,(anonymous_10)
FN:281,(anonymous_11)
FN:288,(anonymous_12)
FNF:12
FNH:12
FNDA:24,(anonymous_1)
FNDA:10,(anonymous_2)
FNDA:5,(anonymous_3)
FNDA:2,(anonymous_4)
FNDA:8,(anonymous_5)
FNDA:10,(anonymous_6)
FNDA:10,(anonymous_7)
FNDA:12,(anonymous_8)
FNDA:7,(anonymous_9)
FNDA:1,(anonymous_10)
FNDA:1,(anonymous_11)
FNDA:3,(anonymous_12)
DA:6,1
DA:8,1
DA:9,1
DA:11,1
DA:15,24
DA:23,10
DA:26,10
DA:33,10
DA:36,10
DA:37,10
DA:39,10
DA:49,10
DA:60,5
DA:62,5
DA:65,5
DA:68,5
DA:70,5
DA:72,5
DA:73,4
DA:82,5
DA:84,0
DA:91,0
DA:99,2
DA:101,2
DA:102,2
DA:105,2
DA:119,1
DA:128,1
DA:130,1
DA:139,1
DA:147,8
DA:148,8
DA:157,6
DA:159,2
DA:165,2
DA:174,10
DA:176,10
DA:177,10
DA:179,9
DA:183,10
DA:191,10
DA:193,10
DA:194,1
DA:195,9
DA:196,8
DA:197,1
DA:198,1
DA:201,10
DA:204,10
DA:205,0
DA:208,10
DA:216,12
DA:217,12
DA:225,7
DA:226,1
DA:233,6
DA:234,1
DA:241,5
DA:242,2
DA:243,2
DA:251,3
DA:252,1
DA:259,2
DA:260,2
DA:261,1
DA:268,1
DA:275,1
DA:282,1
DA:289,3
DA:290,3
DA:291,3
DA:293,0
DA:297,0
DA:303,1
LF:74
LH:69
BRDA:72,0,0,4
BRDA:87,1,0,0
BRDA:87,1,1,0
BRDA:135,2,0,1
BRDA:135,2,1,0
BRDA:157,3,0,6
BRDA:157,3,1,4
BRDA:161,4,0,2
BRDA:161,4,1,0
BRDA:177,5,0,9
BRDA:193,6,0,1
BRDA:193,6,1,9
BRDA:195,7,0,8
BRDA:195,7,1,1
BRDA:197,8,0,1
BRDA:204,9,0,0
BRDA:204,10,0,10
BRDA:204,10,1,1
BRDA:216,11,0,12
BRDA:216,11,1,0
BRDA:225,12,0,1
BRDA:233,13,0,1
BRDA:233,14,0,6
BRDA:233,14,1,1
BRDA:241,15,0,2
BRDA:242,16,0,2
BRDA:242,17,0,2
BRDA:242,17,1,1
BRDA:251,18,0,1
BRDA:260,19,0,1
BRDA:260,20,0,2
BRDA:260,20,1,1
BRDA:295,21,0,0
BRDA:295,21,1,0
BRF:34
BRH:26
end_of_record
TN:
SF:src\services\logging.service.ts
FN:15,(anonymous_0)
FN:48,(anonymous_1)
FN:65,(anonymous_2)
FN:81,(anonymous_3)
FN:101,(anonymous_4)
FN:122,(anonymous_5)
FN:158,(anonymous_6)
FN:194,(anonymous_7)
FN:211,(anonymous_8)
FN:237,(anonymous_9)
FN:274,(anonymous_10)
FN:302,(anonymous_11)
FNF:12
FNH:0
FNDA:0,(anonymous_0)
FNDA:0,(anonymous_1)
FNDA:0,(anonymous_2)
FNDA:0,(anonymous_3)
FNDA:0,(anonymous_4)
FNDA:0,(anonymous_5)
FNDA:0,(anonymous_6)
FNDA:0,(anonymous_7)
FNDA:0,(anonymous_8)
FNDA:0,(anonymous_9)
FNDA:0,(anonymous_10)
FNDA:0,(anonymous_11)
DA:6,0
DA:8,0
DA:9,0
DA:11,0
DA:23,0
DA:42,0
DA:50,0
DA:57,0
DA:58,0
DA:66,0
DA:87,0
DA:107,0
DA:138,0
DA:144,0
DA:174,0
DA:179,0
DA:195,0
DA:197,0
DA:198,0
DA:200,0
DA:204,0
DA:212,0
DA:220,0
DA:226,0
DA:255,0
DA:261,0
DA:285,0
DA:290,0
DA:292,0
DA:295,0
DA:304,0
DA:308,0
DA:313,0
LF:33
LH:0
BRDA:27,0,0,0
BRDA:27,0,1,0
BRDA:30,1,0,0
BRDA:30,1,1,0
BRDA:57,2,0,0
BRDA:198,3,0,0
BRDA:198,4,0,0
BRDA:198,4,1,0
BRDA:228,5,0,0
BRDA:228,5,1,0
BRDA:290,6,0,0
BRDA:290,6,1,0
BRDA:302,7,0,0
BRF:13
BRH:0
end_of_record
TN:
SF:src\utils\jwt.util.ts
FN:33,(anonymous_1)
FN:55,(anonymous_2)
FN:56,(anonymous_3)
FN:74,(anonymous_4)
FN:92,(anonymous_5)
FN:110,(anonymous_6)
FN:130,(anonymous_7)
FN:172,(anonymous_8)
FN:181,(anonymous_9)
FN:187,(anonymous_10)
FNF:10
FNH:8
FNDA:5,(anonymous_1)
FNDA:0,(anonymous_2)
FNDA:0,(anonymous_3)
FNDA:7,(anonymous_4)
FNDA:2,(anonymous_5)
FNDA:1,(anonymous_6)
FNDA:2,(anonymous_7)
FNDA:1,(anonymous_8)
FNDA:6,(anonymous_9)
FNDA:3,(anonymous_10)
DA:6,2
DA:8,2
DA:9,2
DA:10,2
DA:33,2
DA:34,5
DA:36,5
DA:37,5
DA:39,5
DA:40,1
DA:41,1
DA:45,4
DA:46,4
DA:47,3
DA:48,3
DA:49,3
DA:53,1
DA:54,1
DA:55,0
DA:56,0
DA:57,0
DA:58,0
DA:59,0
DA:63,1
DA:64,1
DA:66,0
DA:67,0
DA:74,2
DA:75,7
DA:76,7
DA:77,4
DA:79,3
DA:80,2
DA:81,1
DA:82,1
DA:84,0
DA:92,2
DA:93,2
DA:94,2
DA:95,2
DA:101,0
DA:102,0
DA:110,2
DA:111,1
DA:119,1
DA:121,0
DA:123,0
DA:130,2
DA:131,2
DA:133,2
DA:134,2
DA:135,0
DA:136,0
DA:140,2
DA:143,1
DA:144,1
DA:145,0
DA:146,0
DA:150,1
DA:152,1
DA:159,1
DA:164,1
DA:165,1
DA:172,2
DA:173,1
DA:174,1
DA:175,1
DA:181,2
DA:182,6
DA:183,2
DA:186,4
DA:187,4
LF:72
LH:56
BRDA:36,0,0,5
BRDA:36,0,1,3
BRDA:39,1,0,1
BRDA:46,2,0,3
BRDA:46,3,0,4
BRDA:46,3,1,3
BRDA:54,4,0,0
BRDA:54,5,0,1
BRDA:54,5,1,0
BRDA:57,6,0,0
BRDA:66,7,0,0
BRDA:66,7,1,0
BRDA:79,8,0,2
BRDA:79,8,1,1
BRDA:81,9,0,1
BRDA:81,9,1,0
BRDA:101,10,0,0
BRDA:101,10,1,0
BRDA:121,11,0,0
BRDA:121,11,1,0
BRDA:134,12,0,0
BRDA:144,13,0,0
BRDA:164,14,0,1
BRDA:164,14,1,0
BRDA:182,15,0,2
BRDA:187,16,0,4
BRDA:187,16,1,1
BRF:27
BRH:14
end_of_record
TN:
SF:src\utils\logger.ts
FN:14,(anonymous_1)
FN:39,(anonymous_2)
FN:65,(anonymous_3)
FN:71,(anonymous_4)
FN:80,(anonymous_5)
FN:92,(anonymous_6)
FN:103,(anonymous_7)
FN:113,(anonymous_8)
FN:124,(anonymous_9)
FN:142,(anonymous_10)
FNF:10
FNH:5
FNDA:66,(anonymous_1)
FNDA:7,(anonymous_2)
FNDA:0,(anonymous_3)
FNDA:28,(anonymous_4)
FNDA:0,(anonymous_5)
FNDA:0,(anonymous_6)
FNDA:5,(anonymous_7)
FNDA:0,(anonymous_8)
FNDA:0,(anonymous_9)
FNDA:7,(anonymous_10)
DA:6,5
DA:7,5
DA:10,5
DA:15,66
DA:26,5
DA:40,7
DA:41,7
DA:64,5
DA:66,0
DA:71,5
DA:72,28
DA:80,5
DA:81,0
DA:92,5
DA:93,0
DA:103,5
DA:104,5
DA:113,5
DA:114,0
DA:124,5
DA:125,0
DA:137,5
DA:138,5
DA:143,7
DA:144,7
DA:150,5
LF:26
LH:21
BRDA:40,0,0,7
BRDA:40,0,1,0
BRDA:47,1,0,0
BRDA:47,1,1,5
BRDA:137,2,0,5
BRDA:143,3,0,7
BRDA:143,3,1,0
BRF:7
BRH:4
end_of_record
